

================================================================
== Vitis HLS Report for 'dft'
================================================================
* Date:           Sat Dec 14 18:45:09 2024

* Version:        2022.2 (Build 3670227 on Oct 13 2022)
* Project:        dft_opt2
* Solution:       solution1 (Vivado IP Flow Target)
* Product family: zynq
* Target device:  xc7z020-clg400-1


================================================================
== Performance Estimates
================================================================
+ Timing: 
    * Summary: 
    +--------+----------+----------+------------+
    |  Clock |  Target  | Estimated| Uncertainty|
    +--------+----------+----------+------------+
    |ap_clk  |  10.00 ns|  7.297 ns|     2.70 ns|
    +--------+----------+----------+------------+

+ Latency: 
    * Summary: 
    +---------+---------+----------+----------+--------+--------+---------+
    |  Latency (cycles) |  Latency (absolute) |     Interval    | Pipeline|
    |   min   |   max   |    min   |    max   |   min  |   max  |   Type  |
    +---------+---------+----------+----------+--------+--------+---------+
    |   524576|   524576|  5.246 ms|  5.246 ms|  524577|  524577|       no|
    +---------+---------+----------+----------+--------+--------+---------+

    + Detail: 
        * Instance: 
        +--------------------------------------------------------+----------------------------------------------+---------+---------+----------+----------+--------+--------+---------+
        |                                                        |                                              |  Latency (cycles) |  Latency (absolute) |     Interval    | Pipeline|
        |                        Instance                        |                    Module                    |   min   |   max   |    min   |    max   |   min  |   max  |   Type  |
        +--------------------------------------------------------+----------------------------------------------+---------+---------+----------+----------+--------+--------+---------+
        |grp_dft_Pipeline_VITIS_LOOP_20_1_VITIS_LOOP_25_2_fu_42  |dft_Pipeline_VITIS_LOOP_20_1_VITIS_LOOP_25_2  |   524312|   524312|  5.243 ms|  5.243 ms|  524312|  524312|       no|
        |grp_dft_Pipeline_VITIS_LOOP_39_3_fu_58                  |dft_Pipeline_VITIS_LOOP_39_3                  |      261|      261|  2.610 us|  2.610 us|     261|     261|       no|
        +--------------------------------------------------------+----------------------------------------------+---------+---------+----------+----------+--------+--------+---------+

        * Loop: 
        N/A



================================================================
== Utilization Estimates
================================================================
* Summary: 
+-----------------+---------+-----+--------+-------+-----+
|       Name      | BRAM_18K| DSP |   FF   |  LUT  | URAM|
+-----------------+---------+-----+--------+-------+-----+
|DSP              |        -|    -|       -|      -|    -|
|Expression       |        -|    -|       -|      -|    -|
|FIFO             |        -|    -|       -|      -|    -|
|Instance         |        2|   14|    2576|   2449|    -|
|Memory           |        4|    -|       0|      0|    0|
|Multiplexer      |        -|    -|       -|     99|    -|
|Register         |        -|    -|       6|      -|    -|
+-----------------+---------+-----+--------+-------+-----+
|Total            |        6|   14|    2582|   2548|    0|
+-----------------+---------+-----+--------+-------+-----+
|Available        |      280|  220|  106400|  53200|    0|
+-----------------+---------+-----+--------+-------+-----+
|Utilization (%)  |        2|    6|       2|      4|    0|
+-----------------+---------+-----+--------+-------+-----+

+ Detail: 
    * Instance: 
    +--------------------------------------------------------+----------------------------------------------+---------+----+------+------+-----+
    |                        Instance                        |                    Module                    | BRAM_18K| DSP|  FF  |  LUT | URAM|
    +--------------------------------------------------------+----------------------------------------------+---------+----+------+------+-----+
    |grp_dft_Pipeline_VITIS_LOOP_20_1_VITIS_LOOP_25_2_fu_42  |dft_Pipeline_VITIS_LOOP_20_1_VITIS_LOOP_25_2  |        2|  14|  2293|  2354|    0|
    |grp_dft_Pipeline_VITIS_LOOP_39_3_fu_58                  |dft_Pipeline_VITIS_LOOP_39_3                  |        0|   0|   283|    95|    0|
    +--------------------------------------------------------+----------------------------------------------+---------+----+------+------+-----+
    |Total                                                   |                                              |        2|  14|  2576|  2449|    0|
    +--------------------------------------------------------+----------------------------------------------+---------+----+------+------+-----+

    * DSP: 
    N/A

    * Memory: 
    +-------------+-------------------------+---------+---+----+-----+------+-----+------+-------------+
    |    Memory   |          Module         | BRAM_18K| FF| LUT| URAM| Words| Bits| Banks| W*Bits*Banks|
    +-------------+-------------------------+---------+---+----+-----+------+-----+------+-------------+
    |freq_real_U  |freq_real_RAM_AUTO_1R1W  |        2|  0|   0|    0|   256|   64|     1|        16384|
    |freq_imag_U  |freq_real_RAM_AUTO_1R1W  |        2|  0|   0|    0|   256|   64|     1|        16384|
    +-------------+-------------------------+---------+---+----+-----+------+-----+------+-------------+
    |Total        |                         |        4|  0|   0|    0|   512|  128|     2|        32768|
    +-------------+-------------------------+---------+---+----+-----+------+-----+------+-------------+

    * FIFO: 
    N/A

    * Expression: 
    N/A

    * Multiplexer: 
    +--------------------+----+-----------+-----+-----------+
    |        Name        | LUT| Input Size| Bits| Total Bits|
    +--------------------+----+-----------+-----+-----------+
    |ap_NS_fsm           |  25|          5|    1|          5|
    |freq_imag_address0  |  14|          3|    8|         24|
    |freq_imag_ce0       |  14|          3|    1|          3|
    |freq_imag_we0       |   9|          2|    1|          2|
    |freq_real_address0  |  14|          3|    8|         24|
    |freq_real_ce0       |  14|          3|    1|          3|
    |freq_real_we0       |   9|          2|    1|          2|
    +--------------------+----+-----------+-----+-----------+
    |Total               |  99|         21|   21|         63|
    +--------------------+----+-----------+-----+-----------+

    * Register: 
    +---------------------------------------------------------------------+---+----+-----+-----------+
    |                                 Name                                | FF| LUT| Bits| Const Bits|
    +---------------------------------------------------------------------+---+----+-----+-----------+
    |ap_CS_fsm                                                            |  4|   0|    4|          0|
    |grp_dft_Pipeline_VITIS_LOOP_20_1_VITIS_LOOP_25_2_fu_42_ap_start_reg  |  1|   0|    1|          0|
    |grp_dft_Pipeline_VITIS_LOOP_39_3_fu_58_ap_start_reg                  |  1|   0|    1|          0|
    +---------------------------------------------------------------------+---+----+-----+-----------+
    |Total                                                                |  6|   0|    6|          0|
    +---------------------------------------------------------------------+---+----+-----+-----------+



================================================================
== Interface
================================================================
* Summary: 
+----------------------+-----+-----+------------+--------------+--------------+
|       RTL Ports      | Dir | Bits|  Protocol  | Source Object|    C Type    |
+----------------------+-----+-----+------------+--------------+--------------+
|ap_clk                |   in|    1|  ap_ctrl_hs|           dft|  return value|
|ap_rst                |   in|    1|  ap_ctrl_hs|           dft|  return value|
|ap_start              |   in|    1|  ap_ctrl_hs|           dft|  return value|
|ap_done               |  out|    1|  ap_ctrl_hs|           dft|  return value|
|ap_idle               |  out|    1|  ap_ctrl_hs|           dft|  return value|
|ap_ready              |  out|    1|  ap_ctrl_hs|           dft|  return value|
|real_input_address0   |  out|    8|   ap_memory|    real_input|         array|
|real_input_ce0        |  out|    1|   ap_memory|    real_input|         array|
|real_input_q0         |   in|   32|   ap_memory|    real_input|         array|
|imag_input_address0   |  out|    8|   ap_memory|    imag_input|         array|
|imag_input_ce0        |  out|    1|   ap_memory|    imag_input|         array|
|imag_input_q0         |   in|   32|   ap_memory|    imag_input|         array|
|real_output_address0  |  out|    8|   ap_memory|   real_output|         array|
|real_output_ce0       |  out|    1|   ap_memory|   real_output|         array|
|real_output_we0       |  out|    1|   ap_memory|   real_output|         array|
|real_output_d0        |  out|   32|   ap_memory|   real_output|         array|
|imag_output_address0  |  out|    8|   ap_memory|   imag_output|         array|
|imag_output_ce0       |  out|    1|   ap_memory|   imag_output|         array|
|imag_output_we0       |  out|    1|   ap_memory|   imag_output|         array|
|imag_output_d0        |  out|   32|   ap_memory|   imag_output|         array|
+----------------------+-----+-----+------------+--------------+--------------+

