

================================================================
== Vitis HLS Report for 'dft_Pipeline_VITIS_LOOP_20_1_VITIS_LOOP_25_2'
================================================================
* Date:           Sat Dec 14 18:45:09 2024

* Version:        2022.2 (Build 3670227 on Oct 13 2022)
* Project:        dft_opt2
* Solution:       solution1 (Vivado IP Flow Target)
* Product family: zynq
* Target device:  xc7z020-clg400-1


================================================================
== Performance Estimates
================================================================
+ Timing: 
    * Summary: 
    +--------+----------+----------+------------+
    |  Clock |  Target  | Estimated| Uncertainty|
    +--------+----------+----------+------------+
    |ap_clk  |  10.00 ns|  7.297 ns|     2.70 ns|
    +--------+----------+----------+------------+

+ Latency: 
    * Summary: 
    +---------+---------+----------+----------+--------+--------+---------+
    |  Latency (cycles) |  Latency (absolute) |     Interval    | Pipeline|
    |   min   |   max   |    min   |    max   |   min  |   max  |   Type  |
    +---------+---------+----------+----------+--------+--------+---------+
    |   524312|   524312|  5.243 ms|  5.243 ms|  524312|  524312|       no|
    +---------+---------+----------+----------+--------+--------+---------+

    + Detail: 
        * Instance: 
        N/A

        * Loop: 
        +-----------------------------------+---------+---------+----------+-----------+-----------+-------+----------+
        |                                   |  Latency (cycles) | Iteration|  Initiation Interval  |  Trip |          |
        |             Loop Name             |   min   |   max   |  Latency |  achieved |   target  | Count | Pipelined|
        +-----------------------------------+---------+---------+----------+-----------+-----------+-------+----------+
        |- VITIS_LOOP_20_1_VITIS_LOOP_25_2  |   524310|   524310|        31|          8|          1|  65536|       yes|
        +-----------------------------------+---------+---------+----------+-----------+-----------+-------+----------+



================================================================
== Utilization Estimates
================================================================
* Summary: 
+-----------------+---------+-----+--------+-------+-----+
|       Name      | BRAM_18K| DSP |   FF   |  LUT  | URAM|
+-----------------+---------+-----+--------+-------+-----+
|DSP              |        -|    -|       -|      -|    -|
|Expression       |        -|    -|       0|    235|    -|
|FIFO             |        -|    -|       -|      -|    -|
|Instance         |        -|   14|     972|   1768|    -|
|Memory           |        2|    -|       0|      0|    -|
|Multiplexer      |        -|    -|       -|    255|    -|
|Register         |        -|    -|    1321|     96|    -|
+-----------------+---------+-----+--------+-------+-----+
|Total            |        2|   14|    2293|   2354|    0|
+-----------------+---------+-----+--------+-------+-----+
|Available        |      280|  220|  106400|  53200|    0|
+-----------------+---------+-----+--------+-------+-----+
|Utilization (%)  |       ~0|    6|       2|      4|    0|
+-----------------+---------+-----+--------+-------+-----+

+ Detail: 
    * Instance: 
    +---------------------------------------+------------------------------------+---------+----+-----+------+-----+
    |                Instance               |               Module               | BRAM_18K| DSP|  FF |  LUT | URAM|
    +---------------------------------------+------------------------------------+---------+----+-----+------+-----+
    |dadddsub_64ns_64ns_64_7_full_dsp_1_U2  |dadddsub_64ns_64ns_64_7_full_dsp_1  |        0|   3|  630|  1141|    0|
    |dmul_64ns_64ns_64_7_max_dsp_1_U3       |dmul_64ns_64ns_64_7_max_dsp_1       |        0|  11|  342|   586|    0|
    |fpext_32ns_64_2_no_dsp_1_U1            |fpext_32ns_64_2_no_dsp_1            |        0|   0|    0|     0|    0|
    |mul_8s_8s_8_1_1_U4                     |mul_8s_8s_8_1_1                     |        0|   0|    0|    41|    0|
    +---------------------------------------+------------------------------------+---------+----+-----+------+-----+
    |Total                                  |                                    |        0|  14|  972|  1768|    0|
    +---------------------------------------+------------------------------------+---------+----+-----+------+-----+

    * DSP: 
    N/A

    * Memory: 
    +--------------------------+---------------------------------------------------------------------------------+---------+---+----+-----+------+-----+------+-------------+
    |          Memory          |                                      Module                                     | BRAM_18K| FF| LUT| URAM| Words| Bits| Banks| W*Bits*Banks|
    +--------------------------+---------------------------------------------------------------------------------+---------+---+----+-----+------+-----+------+-------------+
    |cos_coefficients_table_U  |dft_Pipeline_VITIS_LOOP_20_1_VITIS_LOOP_25_2_cos_coefficients_table_ROM_AUTO_1R  |        1|  0|   0|    0|   256|   32|     1|         8192|
    |sin_coefficients_table_U  |dft_Pipeline_VITIS_LOOP_20_1_VITIS_LOOP_25_2_sin_coefficients_table_ROM_AUTO_1R  |        1|  0|   0|    0|   256|   32|     1|         8192|
    +--------------------------+---------------------------------------------------------------------------------+---------+---+----+-----+------+-----+------+-------------+
    |Total                     |                                                                                 |        2|  0|   0|    0|   512|   64|     2|        16384|
    +--------------------------+---------------------------------------------------------------------------------+---------+---+----+-----+------+-----+------+-------------+

    * FIFO: 
    N/A

    * Expression: 
    +-------------------------+----------+----+---+----+------------+------------+
    |      Variable Name      | Operation| DSP| FF| LUT| Bitwidth P0| Bitwidth P1|
    +-------------------------+----------+----+---+----+------------+------------+
    |add_ln20_1_fu_235_p2     |         +|   0|  0|  14|           9|           1|
    |add_ln20_fu_209_p2       |         +|   0|  0|  24|          17|           1|
    |add_ln25_fu_282_p2       |         +|   0|  0|  14|           9|           1|
    |icmp_ln20_fu_203_p2      |      icmp|   0|  0|  13|          17|          18|
    |icmp_ln25_fu_221_p2      |      icmp|   0|  0|  11|           9|          10|
    |ifzero_fu_287_p2         |      icmp|   0|  0|  11|           9|          10|
    |select_ln20_1_fu_309_p3  |    select|   0|  0|  64|           1|           1|
    |select_ln20_2_fu_319_p3  |    select|   0|  0|  64|           1|           1|
    |select_ln20_3_fu_241_p3  |    select|   0|  0|   9|           1|           9|
    |select_ln20_fu_227_p3    |    select|   0|  0|   9|           1|           1|
    |ap_enable_pp0            |       xor|   0|  0|   2|           1|           2|
    +-------------------------+----------+----+---+----+------------+------------+
    |Total                    |          |   0|  0| 235|          75|          55|
    +-------------------------+----------+----+---+----+------------+------------+

    * Multiplexer: 
    +-------------------------------+----+-----------+-----+-----------+
    |              Name             | LUT| Input Size| Bits| Total Bits|
    +-------------------------------+----+-----------+-----+-----------+
    |add15_fu_58                    |   9|          2|   64|        128|
    |add3224_fu_54                  |   9|          2|   64|        128|
    |ap_NS_fsm                      |  48|          9|    1|          9|
    |ap_done_int                    |   9|          2|    1|          2|
    |ap_enable_reg_pp0_iter0        |   9|          2|    1|          2|
    |ap_enable_reg_pp0_iter1        |   9|          2|    1|          2|
    |ap_sig_allocacmp_add15_load    |   9|          2|   64|        128|
    |ap_sig_allocacmp_add3224_load  |   9|          2|   64|        128|
    |freq_idx_fu_66                 |   9|          2|    9|         18|
    |grp_fu_152_p0                  |  25|          5|   32|        160|
    |grp_fu_155_opcode              |  14|          3|    2|          6|
    |grp_fu_155_p0                  |  25|          5|   64|        320|
    |grp_fu_155_p1                  |  25|          5|   64|        320|
    |grp_fu_159_p0                  |  14|          3|   64|        192|
    |grp_fu_159_p1                  |  14|          3|   64|        192|
    |indvar_flatten_fu_70           |   9|          2|   17|         34|
    |time_idx_fu_62                 |   9|          2|    9|         18|
    +-------------------------------+----+-----------+-----+-----------+
    |Total                          | 255|         53|  585|       1787|
    +-------------------------------+----+-----------+-----+-----------+

    * Register: 
    +-------------------------------------+----+----+-----+-----------+
    |                 Name                | FF | LUT| Bits| Const Bits|
    +-------------------------------------+----+----+-----+-----------+
    |add15_fu_58                          |  64|   0|   64|          0|
    |add3224_fu_54                        |  64|   0|   64|          0|
    |add_ln20_reg_379                     |  17|   0|   17|          0|
    |ap_CS_fsm                            |   8|   0|    8|          0|
    |ap_done_reg                          |   1|   0|    1|          0|
    |ap_enable_reg_pp0_iter0_reg          |   1|   0|    1|          0|
    |ap_enable_reg_pp0_iter1              |   1|   0|    1|          0|
    |ap_enable_reg_pp0_iter2              |   1|   0|    1|          0|
    |ap_enable_reg_pp0_iter3              |   1|   0|    1|          0|
    |ap_loop_exit_ready_pp0_iter1_reg     |   1|   0|    1|          0|
    |ap_loop_exit_ready_pp0_iter2_reg     |   1|   0|    1|          0|
    |conv3_reg_461                        |  64|   0|   64|          0|
    |conv_reg_451                         |  64|   0|   64|          0|
    |cos_coefficients_table_load_reg_436  |  32|   0|   32|          0|
    |cos_val_reg_466                      |  64|   0|   64|          0|
    |freq_idx_fu_66                       |   9|   0|    9|          0|
    |icmp_ln20_reg_375                    |   1|   0|    1|          0|
    |icmp_ln25_reg_384                    |   1|   0|    1|          0|
    |ifzero_reg_476                       |   1|   0|    1|          0|
    |imag_input_load_reg_431              |  32|   0|   32|          0|
    |indvar_flatten_fu_70                 |  17|   0|   17|          0|
    |mul1_reg_485                         |  64|   0|   64|          0|
    |mul2_reg_490                         |  64|   0|   64|          0|
    |mul3_reg_495                         |  64|   0|   64|          0|
    |mul_reg_480                          |  64|   0|   64|          0|
    |real_input_load_reg_426              |  32|   0|   32|          0|
    |reg_163                              |  64|   0|   64|          0|
    |reg_169                              |  64|   0|   64|          0|
    |select_ln20_1_reg_500                |  64|   0|   64|          0|
    |select_ln20_2_reg_505                |  64|   0|   64|          0|
    |select_ln20_3_reg_395                |   9|   0|    9|          0|
    |select_ln20_reg_390                  |   9|   0|    9|          0|
    |sin_coefficients_table_load_reg_441  |  32|   0|   32|          0|
    |sin_val_reg_471                      |  64|   0|   64|          0|
    |table_idx_reg_401                    |   8|   0|    8|          0|
    |time_idx_fu_62                       |   9|   0|    9|          0|
    |zext_ln20_reg_510                    |   9|   0|   64|         55|
    |icmp_ln25_reg_384                    |  64|  32|    1|          0|
    |ifzero_reg_476                       |  64|  32|    1|          0|
    |select_ln20_3_reg_395                |  64|  32|    9|          0|
    +-------------------------------------+----+----+-----+-----------+
    |Total                                |1321|  96| 1195|         55|
    +-------------------------------------+----+----+-----+-----------+



================================================================
== Interface
================================================================
* Summary: 
+---------------------+-----+-----+------------+----------------------------------------------+--------------+
|      RTL Ports      | Dir | Bits|  Protocol  |                 Source Object                |    C Type    |
+---------------------+-----+-----+------------+----------------------------------------------+--------------+
|ap_clk               |   in|    1|  ap_ctrl_hs|  dft_Pipeline_VITIS_LOOP_20_1_VITIS_LOOP_25_2|  return value|
|ap_rst               |   in|    1|  ap_ctrl_hs|  dft_Pipeline_VITIS_LOOP_20_1_VITIS_LOOP_25_2|  return value|
|ap_start             |   in|    1|  ap_ctrl_hs|  dft_Pipeline_VITIS_LOOP_20_1_VITIS_LOOP_25_2|  return value|
|ap_done              |  out|    1|  ap_ctrl_hs|  dft_Pipeline_VITIS_LOOP_20_1_VITIS_LOOP_25_2|  return value|
|ap_idle              |  out|    1|  ap_ctrl_hs|  dft_Pipeline_VITIS_LOOP_20_1_VITIS_LOOP_25_2|  return value|
|ap_ready             |  out|    1|  ap_ctrl_hs|  dft_Pipeline_VITIS_LOOP_20_1_VITIS_LOOP_25_2|  return value|
|real_input_address0  |  out|    8|   ap_memory|                                    real_input|         array|
|real_input_ce0       |  out|    1|   ap_memory|                                    real_input|         array|
|real_input_q0        |   in|   32|   ap_memory|                                    real_input|         array|
|imag_input_address0  |  out|    8|   ap_memory|                                    imag_input|         array|
|imag_input_ce0       |  out|    1|   ap_memory|                                    imag_input|         array|
|imag_input_q0        |   in|   32|   ap_memory|                                    imag_input|         array|
|freq_real_address0   |  out|    8|   ap_memory|                                     freq_real|         array|
|freq_real_ce0        |  out|    1|   ap_memory|                                     freq_real|         array|
|freq_real_we0        |  out|    1|   ap_memory|                                     freq_real|         array|
|freq_real_d0         |  out|   64|   ap_memory|                                     freq_real|         array|
|freq_imag_address0   |  out|    8|   ap_memory|                                     freq_imag|         array|
|freq_imag_ce0        |  out|    1|   ap_memory|                                     freq_imag|         array|
|freq_imag_we0        |  out|    1|   ap_memory|                                     freq_imag|         array|
|freq_imag_d0         |  out|   64|   ap_memory|                                     freq_imag|         array|
+---------------------+-----+-----+------------+----------------------------------------------+--------------+

