

================================================================
== Synthesis Summary Report of 'fir'
================================================================
+ General Information: 
    * Date:           Wed Nov 13 08:34:27 2024
    * Version:        2022.2 (Build 3670227 on Oct 13 2022)
    * Project:        fir128_1_variable_bitwidth
    * Solution:       solution1 (Vivado IP Flow Target)
    * Product family: zynquplus
    * Target device:  xczu7ev-ffvf1517-3-e
    

+ Performance & Resource Estimates: 
    
    PS: '+' for module; 'o' for loop; '*' for dataflow
    +---------------------------------+------+------+---------+-----------+----------+---------+------+----------+---------+----+----------+-----------+-----+
    |             Modules             | Issue|      | Latency |  Latency  | Iteration|         | Trip |          |         |    |          |           |     |
    |             & Loops             | Type | Slack| (cycles)|    (ns)   |  Latency | Interval| Count| Pipelined|  BRAM   | DSP|    FF    |    LUT    | URAM|
    +---------------------------------+------+------+---------+-----------+----------+---------+------+----------+---------+----+----------+-----------+-----+
    |+ fir                            |     -|  2.95|      132|  1.320e+03|         -|      133|     -|        no|  1 (~0%)|   -|  85 (~0%)|  239 (~0%)|    -|
    | + fir_Pipeline_VITIS_LOOP_41_1  |     -|  2.95|      130|  1.300e+03|         -|      130|     -|        no|  1 (~0%)|   -|  58 (~0%)|  196 (~0%)|    -|
    |  o VITIS_LOOP_41_1              |     -|  7.30|      128|  1.280e+03|         2|        1|   128|       yes|        -|   -|         -|          -|    -|
    +---------------------------------+------+------+---------+-----------+----------+---------+------+----------+---------+----+----------+-----------+-----+


================================================================
== HW Interfaces
================================================================
* Other Ports
+-----------+---------+----------+
| Interface | Mode    | Bitwidth |
+-----------+---------+----------+
| x         | ap_none | 32       |
| y         | ap_vld  | 32       |
+-----------+---------+----------+

* TOP LEVEL CONTROL
+-----------+------------+-----------------------------------+
| Interface | Type       | Ports                             |
+-----------+------------+-----------------------------------+
| ap_clk    | clock      | ap_clk                            |
| ap_rst    | reset      | ap_rst                            |
| ap_ctrl   | ap_ctrl_hs | ap_done ap_idle ap_ready ap_start |
+-----------+------------+-----------------------------------+


================================================================
== SW I/O Information
================================================================
* Top Function Arguments
+----------+-----------+----------+
| Argument | Direction | Datatype |
+----------+-----------+----------+
| y        | out       | int*     |
| x        | in        | int      |
+----------+-----------+----------+

* SW-to-HW Mapping
+----------+--------------+---------+
| Argument | HW Interface | HW Type |
+----------+--------------+---------+
| y        | y            | port    |
| y        | y_ap_vld     | port    |
| x        | x            | port    |
+----------+--------------+---------+


================================================================
== Bind Op Report
================================================================
+---------------------------------+-----+--------+-----------+-----+--------+---------+
| Name                            | DSP | Pragma | Variable  | Op  | Impl   | Latency |
+---------------------------------+-----+--------+-----------+-----+--------+---------+
| + fir                           | 0   |        |           |     |        |         |
|   add_ln840_fu_92_p2            | -   |        | add_ln840 | add | fabric | 0       |
|  + fir_Pipeline_VITIS_LOOP_41_1 | 0   |        |           |     |        |         |
|    ret_V_fu_165_p2              | -   |        | ret_V     | add | fabric | 0       |
|    mul_8s_5s_13_1_1_U1          | -   |        | ret_V_1   | mul | auto   | 0       |
|    acc_V_1_fu_209_p2            | -   |        | acc_V_1   | add | fabric | 0       |
|    add_ln841_fu_176_p2          | -   |        | add_ln841 | add | fabric | 0       |
+---------------------------------+-----+--------+-----------+-----+--------+---------+


================================================================
== Bind Storage Report
================================================================
+---------------------------------+------+------+--------+-------------+---------+------+---------+
| Name                            | BRAM | URAM | Pragma | Variable    | Storage | Impl | Latency |
+---------------------------------+------+------+--------+-------------+---------+------+---------+
| + fir                           | 1    | 0    |        |             |         |      |         |
|  + fir_Pipeline_VITIS_LOOP_41_1 | 1    | 0    |        |             |         |      |         |
|    shift_reg_V_U                | 1    | -    |        | shift_reg_V | ram_t2p | auto | 1       |
|    c_U                          | -    | -    |        | c           | rom_1p  | auto | 1       |
+---------------------------------+------+------+--------+-------------+---------+------+---------+


================================================================
== Pragma Report
================================================================
  No pragmas found

