

================================================================
== Vitis HLS Report for 'fir'
================================================================
* Date:           Wed Nov 13 08:34:27 2024

* Version:        2022.2 (Build 3670227 on Oct 13 2022)
* Project:        fir128_1_variable_bitwidth
* Solution:       solution1 (Vivado IP Flow Target)
* Product family: zynquplus
* Target device:  xczu7ev-ffvf1517-3-e


================================================================
== Performance Estimates
================================================================
+ Timing: 
    * Summary: 
    +--------+----------+----------+------------+
    |  Clock |  Target  | Estimated| Uncertainty|
    +--------+----------+----------+------------+
    |ap_clk  |  10.00 ns|  4.351 ns|     2.70 ns|
    +--------+----------+----------+------------+

+ Latency: 
    * Summary: 
    +---------+---------+----------+----------+-----+-----+---------+
    |  Latency (cycles) |  Latency (absolute) |  Interval | Pipeline|
    |   min   |   max   |    min   |    max   | min | max |   Type  |
    +---------+---------+----------+----------+-----+-----+---------+
    |      132|      132|  1.320 us|  1.320 us|  133|  133|       no|
    +---------+---------+----------+----------+-----+-----+---------+

    + Detail: 
        * Instance: 
        +----------------------------------------+------------------------------+---------+---------+----------+----------+-----+-----+---------+
        |                                        |                              |  Latency (cycles) |  Latency (absolute) |  Interval | Pipeline|
        |                Instance                |            Module            |   min   |   max   |    min   |    max   | min | max |   Type  |
        +----------------------------------------+------------------------------+---------+---------+----------+----------+-----+-----+---------+
        |grp_fir_Pipeline_VITIS_LOOP_41_1_fu_57  |fir_Pipeline_VITIS_LOOP_41_1  |      130|      130|  1.300 us|  1.300 us|  130|  130|       no|
        +----------------------------------------+------------------------------+---------+---------+----------+----------+-----+-----+---------+

        * Loop: 
        N/A



================================================================
== Utilization Estimates
================================================================
* Summary: 
+-----------------+---------+------+--------+--------+-----+
|       Name      | BRAM_18K|  DSP |   FF   |   LUT  | URAM|
+-----------------+---------+------+--------+--------+-----+
|DSP              |        -|     -|       -|       -|    -|
|Expression       |        -|     -|       0|      23|    -|
|FIFO             |        -|     -|       -|       -|    -|
|Instance         |        1|     0|      58|     196|    0|
|Memory           |        -|     -|       -|       -|    -|
|Multiplexer      |        -|     -|       -|      20|    -|
|Register         |        -|     -|      27|       -|    -|
+-----------------+---------+------+--------+--------+-----+
|Total            |        1|     0|      85|     239|    0|
+-----------------+---------+------+--------+--------+-----+
|Available        |      624|  1728|  460800|  230400|   96|
+-----------------+---------+------+--------+--------+-----+
|Utilization (%)  |       ~0|     0|      ~0|      ~0|    0|
+-----------------+---------+------+--------+--------+-----+

+ Detail: 
    * Instance: 
    +----------------------------------------+------------------------------+---------+----+----+-----+-----+
    |                Instance                |            Module            | BRAM_18K| DSP| FF | LUT | URAM|
    +----------------------------------------+------------------------------+---------+----+----+-----+-----+
    |grp_fir_Pipeline_VITIS_LOOP_41_1_fu_57  |fir_Pipeline_VITIS_LOOP_41_1  |        1|   0|  58|  196|    0|
    +----------------------------------------+------------------------------+---------+----+----+-----+-----+
    |Total                                   |                              |        1|   0|  58|  196|    0|
    +----------------------------------------+------------------------------+---------+----+----+-----+-----+

    * DSP: 
    N/A

    * Memory: 
    N/A

    * FIFO: 
    N/A

    * Expression: 
    +--------------------+----------+----+---+----+------------+------------+
    |    Variable Name   | Operation| DSP| FF| LUT| Bitwidth P0| Bitwidth P1|
    +--------------------+----------+----+---+----+------------+------------+
    |add_ln840_fu_92_p2  |         +|   0|  0|  23|          16|          16|
    +--------------------+----------+----+---+----+------------+------------+
    |Total               |          |   0|  0|  23|          16|          16|
    +--------------------+----------+----+---+----+------------+------------+

    * Multiplexer: 
    +-----------+----+-----------+-----+-----------+
    |    Name   | LUT| Input Size| Bits| Total Bits|
    +-----------+----+-----------+-----+-----------+
    |ap_NS_fsm  |  20|          4|    1|          4|
    +-----------+----+-----------+-----+-----------+
    |Total      |  20|          4|    1|          4|
    +-----------+----+-----------+-----+-----------+

    * Register: 
    +-----------------------------------------------------+----+----+-----+-----------+
    |                         Name                        | FF | LUT| Bits| Const Bits|
    +-----------------------------------------------------+----+----+-----+-----------+
    |add_ln840_reg_118                                    |  15|   0|   16|          1|
    |ap_CS_fsm                                            |   3|   0|    3|          0|
    |empty_reg_123                                        |   8|   0|    8|          0|
    |grp_fir_Pipeline_VITIS_LOOP_41_1_fu_57_ap_start_reg  |   1|   0|    1|          0|
    +-----------------------------------------------------+----+----+-----+-----------+
    |Total                                                |  27|   0|   28|          1|
    +-----------------------------------------------------+----+----+-----+-----------+



================================================================
== Interface
================================================================
* Summary: 
+----------+-----+-----+------------+--------------+--------------+
| RTL Ports| Dir | Bits|  Protocol  | Source Object|    C Type    |
+----------+-----+-----+------------+--------------+--------------+
|ap_clk    |   in|    1|  ap_ctrl_hs|           fir|  return value|
|ap_rst    |   in|    1|  ap_ctrl_hs|           fir|  return value|
|ap_start  |   in|    1|  ap_ctrl_hs|           fir|  return value|
|ap_done   |  out|    1|  ap_ctrl_hs|           fir|  return value|
|ap_idle   |  out|    1|  ap_ctrl_hs|           fir|  return value|
|ap_ready  |  out|    1|  ap_ctrl_hs|           fir|  return value|
|y         |  out|   32|      ap_vld|             y|       pointer|
|y_ap_vld  |  out|    1|      ap_vld|             y|       pointer|
|x         |   in|   32|     ap_none|             x|        scalar|
+----------+-----+-----+------------+--------------+--------------+

