

================================================================
== Synthesis Summary Report of 'fir'
================================================================
+ General Information: 
    * Date:           Tue Nov 12 08:59:40 2024
    * Version:        2022.2 (Build 3670227 on Oct 13 2022)
    * Project:        fir128_1
    * Solution:       solution1 (Vivado IP Flow Target)
    * Product family: zynquplus
    * Target device:  xczu7ev-ffvf1517-3-e
    

+ Performance & Resource Estimates: 
    
    PS: '+' for module; 'o' for loop; '*' for dataflow
    +---------------------------------+------+------+---------+-----------+----------+---------+------+----------+---------+---------+-----------+-----------+-----+
    |             Modules             | Issue|      | Latency |  Latency  | Iteration|         | Trip |          |         |         |           |           |     |
    |             & Loops             | Type | Slack| (cycles)|    (ns)   |  Latency | Interval| Count| Pipelined|  BRAM   |   DSP   |     FF    |    LUT    | URAM|
    +---------------------------------+------+------+---------+-----------+----------+---------+------+----------+---------+---------+-----------+-----------+-----+
    |+ fir                            |     -|  1.42|      132|  1.320e+03|         -|      133|     -|        no|  3 (~0%)|  1 (~0%)|  120 (~0%)|  241 (~0%)|    -|
    | + fir_Pipeline_VITIS_LOOP_30_1  |     -|  1.42|      130|  1.300e+03|         -|      130|     -|        no|  3 (~0%)|  1 (~0%)|   85 (~0%)|  182 (~0%)|    -|
    |  o VITIS_LOOP_30_1              |     -|  7.30|      128|  1.280e+03|         2|        1|   128|       yes|        -|        -|          -|          -|    -|
    +---------------------------------+------+------+---------+-----------+----------+---------+------+----------+---------+---------+-----------+-----------+-----+


================================================================
== HW Interfaces
================================================================
* Other Ports
+-----------+---------+----------+
| Interface | Mode    | Bitwidth |
+-----------+---------+----------+
| x         | ap_none | 32       |
| y         | ap_vld  | 32       |
+-----------+---------+----------+

* TOP LEVEL CONTROL
+-----------+------------+-----------------------------------+
| Interface | Type       | Ports                             |
+-----------+------------+-----------------------------------+
| ap_clk    | clock      | ap_clk                            |
| ap_rst    | reset      | ap_rst                            |
| ap_ctrl   | ap_ctrl_hs | ap_done ap_idle ap_ready ap_start |
+-----------+------------+-----------------------------------+


================================================================
== SW I/O Information
================================================================
* Top Function Arguments
+----------+-----------+----------+
| Argument | Direction | Datatype |
+----------+-----------+----------+
| y        | out       | int*     |
| x        | in        | int      |
+----------+-----------+----------+

* SW-to-HW Mapping
+----------+--------------+---------+
| Argument | HW Interface | HW Type |
+----------+--------------+---------+
| y        | y            | port    |
| y        | y_ap_vld     | port    |
| x        | x            | port    |
+----------+--------------+---------+


================================================================
== Bind Op Report
================================================================
+---------------------------------+-----+--------+----------+-----+--------+---------+
| Name                            | DSP | Pragma | Variable | Op  | Impl   | Latency |
+---------------------------------+-----+--------+----------+-----+--------+---------+
| + fir                           | 1   |        |          |     |        |         |
|   mul_fu_77_p2                  | -   |        | mul      | add | fabric | 0       |
|  + fir_Pipeline_VITIS_LOOP_30_1 | 1   |        |          |     |        |         |
|    add_ln36_fu_161_p2           | -   |        | add_ln36 | add | fabric | 0       |
|    mul_6s_32s_32_1_1_U1         | 1   |        | mul_ln37 | mul | auto   | 0       |
|    acc_1_fu_193_p2              | -   |        | acc_1    | add | fabric | 0       |
|    add_ln30_fu_172_p2           | -   |        | add_ln30 | add | fabric | 0       |
+---------------------------------+-----+--------+----------+-----+--------+---------+


================================================================
== Bind Storage Report
================================================================
+---------------------------------+------+------+--------+---------------+---------+------+---------+
| Name                            | BRAM | URAM | Pragma | Variable      | Storage | Impl | Latency |
+---------------------------------+------+------+--------+---------------+---------+------+---------+
| + fir                           | 3    | 0    |        |               |         |      |         |
|  + fir_Pipeline_VITIS_LOOP_30_1 | 3    | 0    |        |               |         |      |         |
|    shift_reg_U                  | 2    | -    |        | shift_reg     | ram_t2p | auto | 1       |
|    fir_int_int_c_U              | 1    | -    |        | fir_int_int_c | rom_1p  | auto | 1       |
+---------------------------------+------+------+--------+---------------+---------+------+---------+


================================================================
== Pragma Report
================================================================
  No pragmas found

