

================================================================
== Synthesis Summary Report of 'fir'
================================================================
+ General Information: 
    * Date:           Thu Oct 24 18:03:33 2024
    * Version:        2022.2 (Build 3670227 on Oct 13 2022)
    * Project:        vitis_hls_fir_11
    * Solution:       solution1 (Vivado IP Flow Target)
    * Product family: zynquplus
    * Target device:  xczu7ev-ffvf1517-3-e
    

+ Performance & Resource Estimates: 
    
    PS: '+' for module; 'o' for loop; '*' for dataflow
    +---------------------------------+------+------+---------+---------+----------+---------+------+----------+------+---------+-----------+-----------+-----+
    |             Modules             | Issue|      | Latency | Latency | Iteration|         | Trip |          |      |         |           |           |     |
    |             & Loops             | Type | Slack| (cycles)|   (ns)  |  Latency | Interval| Count| Pipelined| BRAM |   DSP   |     FF    |    LUT    | URAM|
    +---------------------------------+------+------+---------+---------+----------+---------+------+----------+------+---------+-----------+-----------+-----+
    |+ fir                            |     -|  1.91|       16|  160.000|         -|       17|     -|        no|     -|  3 (~0%)|  212 (~0%)|  233 (~0%)|    -|
    | + fir_Pipeline_VITIS_LOOP_29_1  |     -|  1.91|       13|  130.000|         -|       13|     -|        no|     -|  2 (~0%)|  175 (~0%)|  187 (~0%)|    -|
    |  o VITIS_LOOP_29_1              |     -|  7.30|       11|  110.000|         2|        1|    11|       yes|     -|        -|          -|          -|    -|
    +---------------------------------+------+------+---------+---------+----------+---------+------+----------+------+---------+-----------+-----------+-----+


================================================================
== HW Interfaces
================================================================
* Other Ports
+-----------+---------+----------+
| Interface | Mode    | Bitwidth |
+-----------+---------+----------+
| x         | ap_none | 32       |
| y         | ap_vld  | 32       |
+-----------+---------+----------+

* TOP LEVEL CONTROL
+-----------+------------+-----------------------------------+
| Interface | Type       | Ports                             |
+-----------+------------+-----------------------------------+
| ap_clk    | clock      | ap_clk                            |
| ap_rst    | reset      | ap_rst                            |
| ap_ctrl   | ap_ctrl_hs | ap_done ap_idle ap_ready ap_start |
+-----------+------------+-----------------------------------+


================================================================
== SW I/O Information
================================================================
* Top Function Arguments
+----------+-----------+----------+
| Argument | Direction | Datatype |
+----------+-----------+----------+
| y        | out       | int*     |
| x        | in        | int      |
+----------+-----------+----------+

* SW-to-HW Mapping
+----------+--------------+---------+
| Argument | HW Interface | HW Type |
+----------+--------------+---------+
| y        | y            | port    |
| y        | y_ap_vld     | port    |
| x        | x            | port    |
+----------+--------------+---------+


================================================================
== Bind Op Report
================================================================
+---------------------------------+-----+--------+----------+-----+--------+---------+
| Name                            | DSP | Pragma | Variable | Op  | Impl   | Latency |
+---------------------------------+-----+--------+----------+-----+--------+---------+
| + fir                           | 3   |        |          |     |        |         |
|   mul_32s_7ns_32_1_1_U8         | 1   |        | mul      | mul | auto   | 0       |
|  + fir_Pipeline_VITIS_LOOP_29_1 | 2   |        |          |     |        |         |
|    add_ln35_fu_161_p2           | -   |        | add_ln35 | add | fabric | 0       |
|    mul_11s_32s_32_1_1_U1        | 2   |        | mul_ln36 | mul | auto   | 0       |
|    acc_1_fu_193_p2              | -   |        | acc_1    | add | fabric | 0       |
|    add_ln29_fu_172_p2           | -   |        | add_ln29 | add | fabric | 0       |
+---------------------------------+-----+--------+----------+-----+--------+---------+


================================================================
== Bind Storage Report
================================================================
+---------------------------------+------+------+--------+---------------+---------+------+---------+
| Name                            | BRAM | URAM | Pragma | Variable      | Storage | Impl | Latency |
+---------------------------------+------+------+--------+---------------+---------+------+---------+
| + fir                           | 0    | 0    |        |               |         |      |         |
|  + fir_Pipeline_VITIS_LOOP_29_1 | 0    | 0    |        |               |         |      |         |
|    shift_reg_U                  | -    | -    |        | shift_reg     | ram_t2p | auto | 1       |
|    fir_int_int_c_U              | -    | -    |        | fir_int_int_c | rom_1p  | auto | 1       |
+---------------------------------+------+------+--------+---------------+---------+------+---------+


================================================================
== Pragma Report
================================================================
  No pragmas found

